[0.006s] Invoking command in '/home/autoware/autoware/src/vehicle/external/can_tx/build/can_tx': CMAKE_PREFIX_PATH=/opt/ros/humble /usr/bin/cmake /home/autoware/autoware/src/vehicle/external/can_tx -DCMAKE_INSTALL_PREFIX=/home/autoware/autoware/src/vehicle/external/can_tx/install/can_tx
[0.054s] -- The C compiler identification is GNU 11.4.0
[0.094s] -- The CXX compiler identification is GNU 11.4.0
[0.100s] -- Detecting C compiler ABI info
[0.143s] -- Detecting C compiler ABI info - done
[0.148s] -- Check for working C compiler: /usr/lib/ccache/gcc - skipped
[0.148s] -- Detecting C compile features
[0.148s] -- Detecting C compile features - done
[0.151s] -- Detecting CXX compiler ABI info
[0.198s] -- Detecting CXX compiler ABI info - done
[0.203s] -- Check for working CXX compiler: /usr/lib/ccache/g++ - skipped
[0.203s] -- Detecting CXX compile features
[0.203s] -- Detecting CXX compile features - done
[0.204s] -- Found ament_cmake_auto: 1.3.8 (/opt/ros/humble/share/ament_cmake_auto/cmake)
[0.297s] -- Found Python3: /usr/bin/python3 (found version "3.10.12") found components: Interpreter 
[0.422s] -- Found rosidl_generator_c: 3.1.5 (/opt/ros/humble/share/rosidl_generator_c/cmake)
[0.425s] -- Found rosidl_adapter: 3.1.5 (/opt/ros/humble/share/rosidl_adapter/cmake)
[0.429s] -- Found rosidl_generator_cpp: 3.1.5 (/opt/ros/humble/share/rosidl_generator_cpp/cmake)
[0.437s] -- Using all available rosidl_typesupport_c: rosidl_typesupport_fastrtps_c;rosidl_typesupport_introspection_c
[0.448s] -- Using all available rosidl_typesupport_cpp: rosidl_typesupport_fastrtps_cpp;rosidl_typesupport_introspection_cpp
[0.580s] -- Found rmw_implementation_cmake: 6.1.1 (/opt/ros/humble/share/rmw_implementation_cmake/cmake)
[0.581s] -- Found rmw_cyclonedds_cpp: 1.3.4 (/opt/ros/humble/share/rmw_cyclonedds_cpp/cmake)
[0.601s] -- Using RMW implementation 'rmw_cyclonedds_cpp' as default
[0.607s] -- Looking for pthread.h
[0.671s] -- Looking for pthread.h - found
[0.671s] -- Performing Test CMAKE_HAVE_LIBC_PTHREAD
[0.735s] -- Performing Test CMAKE_HAVE_LIBC_PTHREAD - Success
[0.736s] -- Found Threads: TRUE  
[0.978s] -- Configuring done
[0.983s] -- Generating done
[0.984s] -- Build files have been written to: /home/autoware/autoware/src/vehicle/external/can_tx/build/can_tx
[0.991s] Invoked command in '/home/autoware/autoware/src/vehicle/external/can_tx/build/can_tx' returned '0': CMAKE_PREFIX_PATH=/opt/ros/humble /usr/bin/cmake /home/autoware/autoware/src/vehicle/external/can_tx -DCMAKE_INSTALL_PREFIX=/home/autoware/autoware/src/vehicle/external/can_tx/install/can_tx
[0.991s] Invoking command in '/home/autoware/autoware/src/vehicle/external/can_tx/build/can_tx': CMAKE_PREFIX_PATH=/opt/ros/humble /usr/bin/cmake --build /home/autoware/autoware/src/vehicle/external/can_tx/build/can_tx -- -j16 -l16
[1.028s] [ 50%] [32mBuilding CXX object CMakeFiles/autoware_to_cantx.dir/src/can_tx.cpp.o[0m
[1.312s] [01m[K/home/autoware/autoware/src/vehicle/external/can_tx/src/can_tx.cpp:2:10:[m[K [01;31m[Kfatal error: [m[Kautoware_auto_control_msgs/msg/ackermann_control_command.hpp: „Åù„ÅÆ„Çà„ÅÜ„Å™„Éï„Ç°„Ç§„É´„ÇÑ„Éá„Ç£„É¨„ÇØ„Éà„É™„ÅØ„ÅÇ„Çä„Åæ„Åõ„Çì
[1.312s]     2 | #include [01;31m[K<autoware_auto_control_msgs/msg/ackermann_control_command.hpp>[m[K
[1.312s]       |          [01;31m[K^~~~~~~~~~~~~~~~~~~~~~~~~~~~~~~~~~~~~~~~~~~~~~~~~~~~~~~~~~~~~~[m[K
[1.312s] compilation terminated.
[1.324s] gmake[2]: *** [CMakeFiles/autoware_to_cantx.dir/build.make:76: CMakeFiles/autoware_to_cantx.dir/src/can_tx.cpp.o] „Ç®„É©„Éº 1
[1.324s] gmake[1]: *** [CMakeFiles/Makefile2:137: CMakeFiles/autoware_to_cantx.dir/all] „Ç®„É©„Éº 2
[1.324s] gmake: *** [Makefile:146: all] „Ç®„É©„Éº 2
[1.326s] Invoked command in '/home/autoware/autoware/src/vehicle/external/can_tx/build/can_tx' returned '2': CMAKE_PREFIX_PATH=/opt/ros/humble /usr/bin/cmake --build /home/autoware/autoware/src/vehicle/external/can_tx/build/can_tx -- -j16 -l16
